<?xml version="1.0" encoding="UTF-8"?>
<!-- Generated by org.testng.reporters.JUnitXMLReporter -->
<testsuite hostname="CDC2-D-CLMSXJ2" ignored="0" name="Default test" tests="4" failures="0" timestamp="17 Jul 2019 10:29:42 GMT" time="44.14" errors="0">
  <testcase name="testRegistration" time="10.184" classname="Casestudy.OnlineShoppingTest"/>
  <testcase name="testLogin" time="0.777" classname="Casestudy.OnlineShoppingTest"/>
  <testcase name="testCart" time="2.669" classname="Casestudy.OnlineShoppingTest"/>
  <testcase name="testPayment" time="11.85" classname="Casestudy.OnlineShoppingTest"/>
</testsuite> <!-- Default test -->
