<?xml version="1.0" encoding="UTF-8"?>
<testng-results skipped="0" failed="0" ignored="0" total="4" passed="4">
  <reporter-output>
  </reporter-output>
  <suite name="Default suite" duration-ms="44140" started-at="2019-07-17T10:28:58Z" finished-at="2019-07-17T10:29:42Z">
    <groups>
    </groups>
    <test name="Default test" duration-ms="44140" started-at="2019-07-17T10:28:58Z" finished-at="2019-07-17T10:29:42Z">
      <class name="Casestudy.OnlineShoppingTest">
        <test-method status="PASS" signature="beforeTest()[pri:0, instance:Casestudy.OnlineShoppingTest@5c3bd550]" name="beforeTest" is-config="true" duration-ms="17390" started-at="2019-07-17T10:28:58Z" finished-at="2019-07-17T10:29:16Z">
          <reporter-output>
          </reporter-output>
        </test-method> <!-- beforeTest -->
        <test-method status="PASS" signature="testRegistration()[pri:1, instance:Casestudy.OnlineShoppingTest@5c3bd550]" name="testRegistration" duration-ms="10184" started-at="2019-07-17T10:29:16Z" finished-at="2019-07-17T10:29:26Z">
          <reporter-output>
          </reporter-output>
        </test-method> <!-- testRegistration -->
        <test-method status="PASS" signature="testLogin()[pri:2, instance:Casestudy.OnlineShoppingTest@5c3bd550]" name="testLogin" duration-ms="777" started-at="2019-07-17T10:29:26Z" finished-at="2019-07-17T10:29:27Z">
          <reporter-output>
          </reporter-output>
        </test-method> <!-- testLogin -->
        <test-method status="PASS" signature="testCart()[pri:3, instance:Casestudy.OnlineShoppingTest@5c3bd550]" name="testCart" duration-ms="2669" started-at="2019-07-17T10:29:27Z" finished-at="2019-07-17T10:29:29Z">
          <reporter-output>
          </reporter-output>
        </test-method> <!-- testCart -->
        <test-method status="PASS" signature="testPayment()[pri:4, instance:Casestudy.OnlineShoppingTest@5c3bd550]" name="testPayment" duration-ms="11850" started-at="2019-07-17T10:29:29Z" finished-at="2019-07-17T10:29:41Z">
          <reporter-output>
          </reporter-output>
        </test-method> <!-- testPayment -->
        <test-method status="PASS" signature="afterTest()[pri:0, instance:Casestudy.OnlineShoppingTest@5c3bd550]" name="afterTest" is-config="true" duration-ms="1219" started-at="2019-07-17T10:29:41Z" finished-at="2019-07-17T10:29:42Z">
          <reporter-output>
          </reporter-output>
        </test-method> <!-- afterTest -->
      </class> <!-- Casestudy.OnlineShoppingTest -->
    </test> <!-- Default test -->
  </suite> <!-- Default suite -->
</testng-results>
